Build started 12/12/2015 12:08:31 AM.
     1>Project "\\samba1\pdeshpan\dcengr\my documents\visual studio 2015\Projects\Raytracer\Raytracer\Raytracer.vcxproj" on node 2 (Build target(s)).
     1>ClCompile:
         C:\Program Files (x86)\Microsoft Visual Studio 14.0\VC\bin\CL.exe /c /ZI /nologo /W3 /WX- /sdl /Od /Oy- /D _CRT_SECURE_NO_WARNINGS /D _MBCS /Gm /EHsc /RTC1 /MDd /GS /fp:precise /Zc:wchar_t /Zc:forScope /Zc:inline /Fo"Debug\\" /Fd"Debug\vc140.pdb" /Gd /TP /analyze- /errorReport:prompt trace.cpp
         trace.cpp
     1>\\samba1\pdeshpan\dcengr\my documents\visual studio 2015\projects\raytracer\raytracer\trace.cpp(127): warning C4838: conversion from 'int' to 'unsigned char' requires a narrowing conversion
     1>\\samba1\pdeshpan\dcengr\my documents\visual studio 2015\projects\raytracer\raytracer\trace.cpp(179): warning C4018: '<': signed/unsigned mismatch
     1>\\samba1\pdeshpan\dcengr\my documents\visual studio 2015\projects\raytracer\raytracer\trace.cpp(193): warning C4018: '<': signed/unsigned mismatch
     1>\\samba1\pdeshpan\dcengr\my documents\visual studio 2015\projects\raytracer\raytracer\trace.cpp(270): warning C4018: '<': signed/unsigned mismatch
     1>\\samba1\pdeshpan\dcengr\my documents\visual studio 2015\projects\raytracer\raytracer\trace.cpp(376): warning C4018: '<': signed/unsigned mismatch
     1>\\samba1\pdeshpan\dcengr\my documents\visual studio 2015\projects\raytracer\raytracer\trace.cpp(380): warning C4244: 'initializing': conversion from 'double' to 'float', possible loss of data
     1>\\samba1\pdeshpan\dcengr\my documents\visual studio 2015\projects\raytracer\raytracer\trace.cpp(390): warning C4244: 'initializing': conversion from 'double' to 'float', possible loss of data
     1>\\samba1\pdeshpan\dcengr\my documents\visual studio 2015\projects\raytracer\raytracer\trace.cpp(396): warning C4018: '<': signed/unsigned mismatch
     1>\\samba1\pdeshpan\dcengr\my documents\visual studio 2015\projects\raytracer\raytracer\trace.cpp(401): warning C4018: '<': signed/unsigned mismatch
     1>\\samba1\pdeshpan\dcengr\my documents\visual studio 2015\projects\raytracer\raytracer\trace.cpp(553): warning C4244: 'argument': conversion from 'time_t' to 'unsigned int', possible loss of data
     1>\\samba1\pdeshpan\dcengr\my documents\visual studio 2015\projects\raytracer\raytracer\trace.cpp(621): warning C4018: '<': signed/unsigned mismatch
       Link:
         C:\Program Files (x86)\Microsoft Visual Studio 14.0\VC\bin\link.exe /ERRORREPORT:PROMPT /OUT:"\\samba1\pdeshpan\dcengr\my documents\visual studio 2015\Projects\Raytracer\Debug\Raytracer.exe" /INCREMENTAL /NOLOGO kernel32.lib user32.lib gdi32.lib winspool.lib comdlg32.lib advapi32.lib shell32.lib ole32.lib oleaut32.lib uuid.lib odbc32.lib odbccp32.lib /MANIFEST /MANIFESTUAC:"level='asInvoker' uiAccess='false'" /manifest:embed /Debug /PDB:"\\samba1\pdeshpan\dcengr\my documents\visual studio 2015\Projects\Raytracer\Debug\Raytracer.pdb" /TLBID:1 /DYNAMICBASE /NXCOMPAT /IMPLIB:"\\samba1\pdeshpan\dcengr\my documents\visual studio 2015\Projects\Raytracer\Debug\Raytracer.lib" /MACHINE:X86 Debug\trace.obj
         Raytracer.vcxproj -> \\samba1\pdeshpan\dcengr\my documents\visual studio 2015\Projects\Raytracer\Debug\Raytracer.exe
     1>Done Building Project "\\samba1\pdeshpan\dcengr\my documents\visual studio 2015\Projects\Raytracer\Raytracer\Raytracer.vcxproj" (Build target(s)).

Build succeeded.

Time Elapsed 00:00:04.16
